[04-Mar-2017 20:45:46 UTC] An Error occurred while handling another error:
exception 'ReflectionException' with message 'Method yii\gii\generators\model\Generator::yii\gii\generators\model\{closure}() does not exist' in /home/ubuntu/workspace/yii2-app-basic/vendor/yiisoft/yii2/web/ErrorHandler.php:199
Stack trace:
#0 /home/ubuntu/workspace/yii2-app-basic/vendor/yiisoft/yii2/web/ErrorHandler.php(199): ReflectionMethod->__construct('yii\gii\generat...', 'yii\gii\generat...')
#1 /home/ubuntu/workspace/yii2-app-basic/vendor/yiisoft/yii2/views/errorHandler/callStackItem.php(26): yii\web\ErrorHandler->addTypeLinks('yii\gii\generat...')
#2 /home/ubuntu/workspace/yii2-app-basic/vendor/yiisoft/yii2/base/View.php(328): require('/home/ubuntu/wo...')
#3 /home/ubuntu/workspace/yii2-app-basic/vendor/yiisoft/yii2/base/View.php(250): yii\base\View->renderPhpFile('/home/ubuntu/wo...', Array)
#4 /home/ubuntu/workspace/yii2-app-basic/vendor/yiisoft/yii2/web/ErrorHandler.php(253): yii\base\View->renderFile('@yii/views/erro...', Array, Object(yii\web\ErrorHandler))
#5 /home/ubuntu/workspace/yii2-app-basic/vendor/yiisoft/yii2/web/ErrorHandler.php(308): yii\web\ErrorHandler->renderFile('@yii/views/erro...', Array)
#6 /home/ubuntu/workspace/yii2-app-basic/vendor/yiisoft/yii2/views/errorHandler/exception.php(385): yii\web\ErrorHandler->renderCallStackItem(NULL, NULL, 'yii\gii\generat...', 'yii\gii\generat...', Array, 10)
#7 /home/ubuntu/workspace/yii2-app-basic/vendor/yiisoft/yii2/base/View.php(328): require('/home/ubuntu/wo...')
#8 /home/ubuntu/workspace/yii2-app-basic/vendor/yiisoft/yii2/base/View.php(250): yii\base\View->renderPhpFile('/home/ubuntu/wo...', Array)
#9 /home/ubuntu/workspace/yii2-app-basic/vendor/yiisoft/yii2/web/ErrorHandler.php(253): yii\base\View->renderFile('@yii/views/erro...', Array, Object(yii\web\ErrorHandler))
#10 /home/ubuntu/workspace/yii2-app-basic/vendor/yiisoft/yii2/web/ErrorHandler.php(114): yii\web\ErrorHandler->renderFile('@yii/views/erro...', Array)
#11 /home/ubuntu/workspace/yii2-app-basic/vendor/yiisoft/yii2/base/ErrorHandler.php(111): yii\web\ErrorHandler->renderException(Object(yii\db\Exception))
#12 [internal function]: yii\base\ErrorHandler->handleException(Object(yii\db\Exception))
#13 {main}
Previous exception:
exception 'PDOException' with message 'SQLSTATE[HY000] [1049] Unknown database 'yii2basic'' in /home/ubuntu/workspace/yii2-app-basic/vendor/yiisoft/yii2/db/Connection.php:630
Stack trace:
#0 /home/ubuntu/workspace/yii2-app-basic/vendor/yiisoft/yii2/db/Connection.php(630): PDO->__construct('mysql:host=loca...', 'root', '', NULL)
#1 /home/ubuntu/workspace/yii2-app-basic/vendor/yiisoft/yii2/db/Connection.php(563): yii\db\Connection->createPdoInstance()
#2 /home/ubuntu/workspace/yii2-app-basic/vendor/yiisoft/yii2/db/Connection.php(896): yii\db\Connection->open()
#3 /home/ubuntu/workspace/yii2-app-basic/vendor/yiisoft/yii2/db/Connection.php(883): yii\db\Connection->getMasterPdo()
#4 /home/ubuntu/workspace/yii2-app-basic/vendor/yiisoft/yii2/db/Command.php(219): yii\db\Connection->getSlavePdo()
#5 /home/ubuntu/workspace/yii2-app-basic/vendor/yiisoft/yii2/db/Command.php(896): yii\db\Command->prepare('<span class="ke...')
#6 /home/ubuntu/workspace/yii2-app-basic/vendor/yiisoft/yii2/db/Command.php(405): yii\db\Command->queryInternal('<span class="st...', '<span class="nu...')
#7 /home/ubuntu/workspace/yii2-app-basic/vendor/yiisoft/yii2/db/mysql/Schema.php(352): yii\db\Command->queryColumn()
#8 /home/ubuntu/workspace/yii2-app-basic/vendor/yiisoft/yii2/db/Schema.php(234): yii\db\mysql\Schema->findTableNames('<span class="st...')
#9 /home/ubuntu/workspace/yii2-app-basic/vendor/yiisoft/yii2-gii/generators/model/Generator.php(158): yii\db\Schema->getTableNames()
#10 [internal function]: yii\gii\generators\model\Generator->yii\gii\generators\model\{closure}()
#11 /home/ubuntu/workspace/yii2-app-basic/vendor/yiisoft/yii2-gii/components/ActiveField.php(41): call_user_func(Object(Closure))
#12 /home/ubuntu/workspace/yii2-app-basic/vendor/yiisoft/yii2/base/Object.php(107): yii\gii\components\ActiveField->init()
#13 [internal function]: yii\base\Object->__construct(Array)
#14 /home/ubuntu/workspace/yii2-app-basic/vendor/yiisoft/yii2/di/Container.php(381): ReflectionClass->newInstanceArgs(Array)
#15 /home/ubuntu/workspace/yii2-app-basic/vendor/yiisoft/yii2/di/Container.php(156): yii\di\Container->build('yii\gii\compone...', Array, Array)
#16 /home/ubuntu/workspace/yii2-app-basic/vendor/yiisoft/yii2/BaseYii.php(344): yii\di\Container->get('yii\gii\compone...', Array, Array)
#17 /home/ubuntu/workspace/yii2-app-basic/vendor/yiisoft/yii2/widgets/ActiveForm.php(302): yii\BaseYii::createObject(Array)
#18 /home/ubuntu/workspace/yii2-app-basic/vendor/yiisoft/yii2-gii/generators/model/form.php(9): yii\widgets\ActiveForm->field(Object(yii\gii\generators\model\Generator), 'tableName')
#19 /home/ubuntu/workspace/yii2-app-basic/vendor/yiisoft/yii2/base/View.php(328): require('/home/ubuntu/wo...')
#20 /home/ubuntu/workspace/yii2-app-basic/vendor/yiisoft/yii2/base/View.php(250): yii\base\View->renderPhpFile('/home/ubuntu/wo...', Array)
#21 /home/ubuntu/workspace/yii2-app-basic/vendor/yiisoft/yii2-gii/views/default/view.php(38): yii\base\View->renderFile('/home/ubuntu/wo...', Array)
#22 /home/ubuntu/workspace/yii2-app-basic/vendor/yiisoft/yii2/base/View.php(328): require('/home/ubuntu/wo...')
#23 /home/ubuntu/workspace/yii2-app-basic/vendor/yiisoft/yii2/base/View.php(250): yii\base\View->renderPhpFile('/home/ubuntu/wo...', Array)
#24 /home/ubuntu/workspace/yii2-app-basic/vendor/yiisoft/yii2/base/View.php(152): yii\base\View->renderFile('/home/ubuntu/wo...', Array, Object(yii\gii\controllers\DefaultController))
#25 /home/ubuntu/workspace/yii2-app-basic/vendor/yiisoft/yii2/base/Controller.php(381): yii\base\View->render('view', Array, Object(yii\gii\controllers\DefaultController))
#26 /home/ubuntu/workspace/yii2-app-basic/vendor/yiisoft/yii2-gii/controllers/DefaultController.php(61): yii\base\Controller->render('view', Array)
#27 [internal function]: yii\gii\controllers\DefaultController->actionView('model')
#28 /home/ubuntu/workspace/yii2-app-basic/vendor/yiisoft/yii2/base/InlineAction.php(57): call_user_func_array(Array, Array)
#29 /home/ubuntu/workspace/yii2-app-basic/vendor/yiisoft/yii2/base/Controller.php(156): yii\base\InlineAction->runWithParams(Array)
#30 /home/ubuntu/workspace/yii2-app-basic/vendor/yiisoft/yii2/base/Module.php(523): yii\base\Controller->runAction('view', Array)
#31 /home/ubuntu/workspace/yii2-app-basic/vendor/yiisoft/yii2/web/Application.php(102): yii\base\Module->runAction('gii/default/vie...', Array)
#32 /home/ubuntu/workspace/yii2-app-basic/vendor/yiisoft/yii2/base/Application.php(380): yii\web\Application->handleRequest(Object(yii\web\Request))
#33 /home/ubuntu/workspace/yii2-app-basic/web/index.php(12): yii\base\Application->run()
#34 {main}

Next exception 'yii\db\Exception' with message 'SQLSTATE[HY000] [1049] Unknown database 'yii2basic'' in /home/ubuntu/workspace/yii2-app-basic/vendor/yiisoft/yii2/db/Connection.php:568
Stack trace:
#0 /home/ubuntu/workspace/yii2-app-basic/vendor/yiisoft/yii2/db/Connection.php(896): yii\db\Connection->open()
#1 /home/ubuntu/workspace/yii2-app-basic/vendor/yiisoft/yii2/db/Connection.php(883): yii\db\Connection->getMasterPdo()
#2 /home/ubuntu/workspace/yii2-app-basic/vendor/yiisoft/yii2/db/Command.php(219): yii\db\Connection->getSlavePdo()
#3 /home/ubuntu/workspace/yii2-app-basic/vendor/yiisoft/yii2/db/Command.php(896): yii\db\Command->prepare('<span class="ke...')
#4 /home/ubuntu/workspace/yii2-app-basic/vendor/yiisoft/yii2/db/Command.php(405): yii\db\Command->queryInternal('<span class="st...', '<span class="nu...')
#5 /home/ubuntu/workspace/yii2-app-basic/vendor/yiisoft/yii2/db/mysql/Schema.php(352): yii\db\Command->queryColumn()
#6 /home/ubuntu/workspace/yii2-app-basic/vendor/yiisoft/yii2/db/Schema.php(234): yii\db\mysql\Schema->findTableNames('<span class="st...')
#7 /home/ubuntu/workspace/yii2-app-basic/vendor/yiisoft/yii2-gii/generators/model/Generator.php(158): yii\db\Schema->getTableNames()
#8 [internal function]: yii\gii\generators\model\Generator->yii\gii\generators\model\{closure}()
#9 /home/ubuntu/workspace/yii2-app-basic/vendor/yiisoft/yii2-gii/components/ActiveField.php(41): call_user_func(Object(Closure))
#10 /home/ubuntu/workspace/yii2-app-basic/vendor/yiisoft/yii2/base/Object.php(107): yii\gii\components\ActiveField->init()
#11 [internal function]: yii\base\Object->__construct(Array)
#12 /home/ubuntu/workspace/yii2-app-basic/vendor/yiisoft/yii2/di/Container.php(381): ReflectionClass->newInstanceArgs(Array)
#13 /home/ubuntu/workspace/yii2-app-basic/vendor/yiisoft/yii2/di/Container.php(156): yii\di\Container->build('yii\gii\compone...', Array, Array)
#14 /home/ubuntu/workspace/yii2-app-basic/vendor/yiisoft/yii2/BaseYii.php(344): yii\di\Container->get('yii\gii\compone...', Array, Array)
#15 /home/ubuntu/workspace/yii2-app-basic/vendor/yiisoft/yii2/widgets/ActiveForm.php(302): yii\BaseYii::createObject(Array)
#16 /home/ubuntu/workspace/yii2-app-basic/vendor/yiisoft/yii2-gii/generators/model/form.php(9): yii\widgets\ActiveForm->field(Object(yii\gii\generators\model\Generator), 'tableName')
#17 /home/ubuntu/workspace/yii2-app-basic/vendor/yiisoft/yii2/base/View.php(328): require('/home/ubuntu/wo...')
#18 /home/ubuntu/workspace/yii2-app-basic/vendor/yiisoft/yii2/base/View.php(250): yii\base\View->renderPhpFile('/home/ubuntu/wo...', Array)
#19 /home/ubuntu/workspace/yii2-app-basic/vendor/yiisoft/yii2-gii/views/default/view.php(38): yii\base\View->renderFile('/home/ubuntu/wo...', Array)
#20 /home/ubuntu/workspace/yii2-app-basic/vendor/yiisoft/yii2/base/View.php(328): require('/home/ubuntu/wo...')
#21 /home/ubuntu/workspace/yii2-app-basic/vendor/yiisoft/yii2/base/View.php(250): yii\base\View->renderPhpFile('/home/ubuntu/wo...', Array)
#22 /home/ubuntu/workspace/yii2-app-basic/vendor/yiisoft/yii2/base/View.php(152): yii\base\View->renderFile('/home/ubuntu/wo...', Array, Object(yii\gii\controllers\DefaultController))
#23 /home/ubuntu/workspace/yii2-app-basic/vendor/yiisoft/yii2/base/Controller.php(381): yii\base\View->render('view', Array, Object(yii\gii\controllers\DefaultController))
#24 /home/ubuntu/workspace/yii2-app-basic/vendor/yiisoft/yii2-gii/controllers/DefaultController.php(61): yii\base\Controller->render('view', Array)
#25 [internal function]: yii\gii\controllers\DefaultController->actionView('model')
#26 /home/ubuntu/workspace/yii2-app-basic/vendor/yiisoft/yii2/base/InlineAction.php(57): call_user_func_array(Array, Array)
#27 /home/ubuntu/workspace/yii2-app-basic/vendor/yiisoft/yii2/base/Controller.php(156): yii\base\InlineAction->runWithParams(Array)
#28 /home/ubuntu/workspace/yii2-app-basic/vendor/yiisoft/yii2/base/Module.php(523): yii\base\Controller->runAction('view', Array)
#29 /home/ubuntu/workspace/yii2-app-basic/vendor/yiisoft/yii2/web/Application.php(102): yii\base\Module->runAction('gii/default/vie...', Array)
#30 /home/ubuntu/workspace/yii2-app-basic/vendor/yiisoft/yii2/base/Application.php(380): yii\web\Application->handleRequest(Object(yii\web\Request))
#31 /home/ubuntu/workspace/yii2-app-basic/web/index.php(12): yii\base\Application->run()
#32 {main}
Additional Information:

$_SERVER = [
    'REDIRECT_REDIRECT_STATUS' => '200',
    'REDIRECT_STATUS' => '200',
    'HTTP_HOST' => 'phbox-nirukama.c9users.io:80',
    'HTTP_UPGRADE_INSECURE_REQUESTS' => '1',
    'HTTP_USER_AGENT' => 'Mozilla/5.0 (X11; Linux x86_64) AppleWebKit/537.36 (KHTML, like Gecko) Ubuntu Chromium/56.0.2924.76 Chrome/56.0.2924.76 Safari/537.36',
    'HTTP_ACCEPT' => 'text/html,application/xhtml+xml,application/xml;q=0.9,image/webp,*/*;q=0.8',
    'HTTP_REFERER' => 'http://phbox-nirukama.c9users.io/gii',
    'HTTP_ACCEPT_ENCODING' => 'gzip, deflate, sdch',
    'HTTP_ACCEPT_LANGUAGE' => 'ru-RU,ru;q=0.8,en-US;q=0.6,en;q=0.4',
    'HTTP_COOKIE' => '_csrf=ea69ca8408a95f3868415055249b86f0fdcf8068b3de3dc4f8a7127f1a74cea0a%3A2%3A%7Bi%3A0%3Bs%3A5%3A%22_csrf%22%3Bi%3A1%3Bs%3A32%3A%22Xf78ui43zyC4lvzhIu7uAE3qtrnhtS5n%22%3B%7D; PHPSESSID=9ddnl8bgrkrrk2nrl9117r7po4; XDEBUG_SESSION=cloud9ide',
    'HTTP_X_FORWARDED_PROTO' => 'http',
    'HTTP_X_FORWARDED_PORT' => '80',
    'HTTP_X_FORWARDED_FOR' => '212.109.6.164',
    'HTTP_CONNECTION' => 'keep-alive',
    'PATH' => '/home/ubuntu/.nvm/versions/node/v4.7.3/bin:/usr/local/rvm/gems/ruby-2.3.0/bin:/usr/local/rvm/gems/ruby-2.3.0@global/bin:/usr/local/rvm/rubies/ruby-2.3.0/bin:/mnt/shared/bin:/home/ubuntu/workspace/node_modules/.bin:/home/ubuntu/bin:/usr/local/sbin:/usr/local/bin:/usr/sbin:/usr/bin:/sbin:/bin:/mnt/shared/sbin:/opt/gitl:/opt/go/bin:/mnt/shared/c9/app.nw/bin:/usr/local/rvm/bin',
    'LD_LIBRARY_PATH' => '~/.c9/local/lib',
    'SERVER_SIGNATURE' => '<address>Apache/2.4.7 (Ubuntu) Server at phbox-nirukama.c9users.io Port 80</address>
',
    'SERVER_SOFTWARE' => 'Apache/2.4.7 (Ubuntu)',
    'SERVER_NAME' => 'phbox-nirukama.c9users.io',
    'SERVER_ADDR' => '172.17.0.60',
    'SERVER_PORT' => '80',
    'REMOTE_ADDR' => '10.240.1.31',
    'DOCUMENT_ROOT' => '/home/ubuntu/workspace/yii2-app-basic/',
    'REQUEST_SCHEME' => 'https',
    'CONTEXT_PREFIX' => '',
    'CONTEXT_DOCUMENT_ROOT' => '/home/ubuntu/workspace/yii2-app-basic/',
    'SERVER_ADMIN' => '[no address given]',
    'SCRIPT_FILENAME' => '/home/ubuntu/workspace/yii2-app-basic/web/index.php',
    'REMOTE_PORT' => '52040',
    'REDIRECT_URL' => '/web/gii/model',
    'GATEWAY_INTERFACE' => 'CGI/1.1',
    'SERVER_PROTOCOL' => 'HTTP/1.1',
    'REQUEST_METHOD' => 'GET',
    'QUERY_STRING' => '',
    'REQUEST_URI' => '/gii/model',
    'SCRIPT_NAME' => '/web/index.php',
    'PHP_SELF' => '/web/index.php',
    'REQUEST_TIME_FLOAT' => 1488660346.8159999847412109375,
    'REQUEST_TIME' => 1488660346,
]
